#### Sim Parameters ####
## Problem Parameters ##
     cpu_per_100mhz:  14
     max_distance:  11
     max_capacity:  1000
     num_initial_odcs (if 0 means ODCs = RUs):  27
## NSGAII Parameters ##
     num_trials:  60
     population_size:  300
     no_processes:  8
     obj_weights:  [0.5, 0.0, 0.5]
## Sim Parameters ##
     dataset:  /home/ubuntu/EmbrapiiCPqD/OpenRanDatacenterPlacement/open_ran_datacenter_placement/CityData/Natal.csv
     seed:  2699767379
     outputDir:  /home/ubuntu/EmbrapiiCPqD/OpenRanDatacenterPlacement/open_ran_datacenter_placement/results_Placement_Case_1_2_odcs/JOB9/Sim_5
########################
No ConvergenceWarning
==========================================================================================
n_gen  |  n_eval  | n_nds  |     cv_min    |     cv_avg    |      eps      |   indicator  
==========================================================================================
     1 |      300 |      1 |  0.000000E+00 |  0.0033333333 |             - |             -
     2 |      600 |      1 |  0.000000E+00 |  0.000000E+00 |  0.0075577090 |         ideal
     3 |      900 |      1 |  0.000000E+00 |  0.000000E+00 |  0.0305663146 |         ideal
     4 |     1200 |      1 |  0.000000E+00 |  0.000000E+00 |  0.0313114356 |         ideal
     5 |     1500 |      1 |  0.000000E+00 |  0.000000E+00 |  0.000000E+00 |             f
     6 |     1800 |      1 |  0.000000E+00 |  0.000000E+00 |  0.0338849805 |         ideal
     7 |     2100 |      1 |  0.000000E+00 |  0.000000E+00 |  0.000000E+00 |             f
     8 |     2400 |      1 |  0.000000E+00 |  0.000000E+00 |  0.0159476637 |         ideal
     9 |     2700 |      2 |  0.000000E+00 |  0.000000E+00 |  0.0093711228 |         ideal
    10 |     3000 |     14 |  0.000000E+00 |  0.000000E+00 |  0.000000E+00 |             f
    11 |     3300 |     40 |  0.000000E+00 |  0.000000E+00 |  0.000000E+00 |             f
    12 |     3600 |    121 |  0.000000E+00 |  0.000000E+00 |  0.000000E+00 |             f
    13 |     3900 |    300 |  0.000000E+00 |  0.000000E+00 |  0.000000E+00 |             f
    14 |     4200 |    300 |  0.000000E+00 |  0.000000E+00 |  0.000000E+00 |             f
    15 |     4500 |    300 |  0.000000E+00 |  0.000000E+00 |  0.000000E+00 |             f
    16 |     4800 |    300 |  0.000000E+00 |  0.000000E+00 |  0.000000E+00 |             f
    17 |     5100 |    300 |  0.000000E+00 |  0.000000E+00 |  0.000000E+00 |             f
    18 |     5400 |    300 |  0.000000E+00 |  0.000000E+00 |  0.000000E+00 |             f
    19 |     5700 |    300 |  0.000000E+00 |  0.000000E+00 |  0.000000E+00 |             f
    20 |     6000 |    300 |  0.000000E+00 |  0.000000E+00 |  0.000000E+00 |             f
    21 |     6300 |    300 |  0.000000E+00 |  0.000000E+00 |  0.000000E+00 |             f
    22 |     6600 |    300 |  0.000000E+00 |  0.000000E+00 |  0.000000E+00 |             f
    23 |     6900 |    300 |  0.000000E+00 |  0.000000E+00 |  0.000000E+00 |             f
    24 |     7200 |    300 |  0.000000E+00 |  0.000000E+00 |  0.000000E+00 |             f
    25 |     7500 |    300 |  0.000000E+00 |  0.000000E+00 |  0.000000E+00 |             f
    26 |     7800 |    300 |  0.000000E+00 |  0.000000E+00 |  0.000000E+00 |             f
    27 |     8100 |    300 |  0.000000E+00 |  0.000000E+00 |  0.000000E+00 |             f
    28 |     8400 |    300 |  0.000000E+00 |  0.000000E+00 |  0.000000E+00 |             f
    29 |     8700 |    300 |  0.000000E+00 |  0.000000E+00 |  0.000000E+00 |             f
    30 |     9000 |    300 |  0.000000E+00 |  0.000000E+00 |  0.000000E+00 |             f
    31 |     9300 |    300 |  0.000000E+00 |  0.000000E+00 |  0.000000E+00 |             f
    32 |     9600 |    300 |  0.000000E+00 |  0.000000E+00 |  0.000000E+00 |             f
    33 |     9900 |    300 |  0.000000E+00 |  0.000000E+00 |  0.000000E+00 |             f
    34 |    10200 |    300 |  0.000000E+00 |  0.000000E+00 |  0.000000E+00 |             f
    35 |    10500 |    300 |  0.000000E+00 |  0.000000E+00 |  0.000000E+00 |             f
    36 |    10800 |    300 |  0.000000E+00 |  0.000000E+00 |  0.000000E+00 |             f
    37 |    11100 |    300 |  0.000000E+00 |  0.000000E+00 |  0.000000E+00 |             f
    38 |    11400 |    300 |  0.000000E+00 |  0.000000E+00 |  0.000000E+00 |             f
    39 |    11700 |    300 |  0.000000E+00 |  0.000000E+00 |  0.000000E+00 |             f
    40 |    12000 |    300 |  0.000000E+00 |  0.000000E+00 |  0.000000E+00 |             f
    41 |    12300 |    300 |  0.000000E+00 |  0.000000E+00 |  0.000000E+00 |             f
    42 |    12600 |    300 |  0.000000E+00 |  0.000000E+00 |  0.000000E+00 |             f
    43 |    12900 |    300 |  0.000000E+00 |  0.000000E+00 |  0.000000E+00 |             f
    44 |    13200 |    300 |  0.000000E+00 |  0.000000E+00 |  0.000000E+00 |             f
    45 |    13500 |    300 |  0.000000E+00 |  0.000000E+00 |  0.000000E+00 |             f
    46 |    13800 |    300 |  0.000000E+00 |  0.000000E+00 |  0.000000E+00 |             f
    47 |    14100 |    300 |  0.000000E+00 |  0.000000E+00 |  0.000000E+00 |             f
    48 |    14400 |    300 |  0.000000E+00 |  0.000000E+00 |  0.000000E+00 |             f
    49 |    14700 |    300 |  0.000000E+00 |  0.000000E+00 |  0.000000E+00 |             f
    50 |    15000 |    300 |  0.000000E+00 |  0.000000E+00 |  0.000000E+00 |             f
    51 |    15300 |    300 |  0.000000E+00 |  0.000000E+00 |  0.000000E+00 |             f
    52 |    15600 |    300 |  0.000000E+00 |  0.000000E+00 |  0.000000E+00 |             f
    53 |    15900 |    300 |  0.000000E+00 |  0.000000E+00 |  0.000000E+00 |             f
    54 |    16200 |    300 |  0.000000E+00 |  0.000000E+00 |  0.000000E+00 |             f
    55 |    16500 |    300 |  0.000000E+00 |  0.000000E+00 |  0.000000E+00 |             f
    56 |    16800 |    300 |  0.000000E+00 |  0.000000E+00 |  0.000000E+00 |             f
    57 |    17100 |    300 |  0.000000E+00 |  0.000000E+00 |  0.000000E+00 |             f
    58 |    17400 |    300 |  0.000000E+00 |  0.000000E+00 |  0.000000E+00 |             f
    59 |    17700 |    300 |  0.000000E+00 |  0.000000E+00 |  0.000000E+00 |             f
    60 |    18000 |    300 |  0.000000E+00 |  0.000000E+00 |  0.000000E+00 |             f
Total generations with best solutions: 60
Generating GIF:   0%|          | 0/60 [00:00<?, ?it/s]Generating GIF:   2%|▏         | 1/60 [00:01<01:18,  1.32s/it]Generating GIF:  15%|█▌        | 9/60 [00:02<00:10,  4.82it/s]Generating GIF:  20%|██        | 12/60 [00:02<00:07,  6.44it/s]Generating GIF:  28%|██▊       | 17/60 [00:02<00:05,  7.23it/s]Generating GIF:  33%|███▎      | 20/60 [00:03<00:04,  8.13it/s]Generating GIF:  42%|████▏     | 25/60 [00:04<00:04,  7.10it/s]Generating GIF:  48%|████▊     | 29/60 [00:04<00:03,  9.49it/s]Generating GIF:  55%|█████▌    | 33/60 [00:04<00:03,  8.29it/s]Generating GIF:  60%|██████    | 36/60 [00:04<00:02, 10.02it/s]Generating GIF:  63%|██████▎   | 38/60 [00:04<00:01, 11.01it/s]Generating GIF:  68%|██████▊   | 41/60 [00:05<00:02,  7.06it/s]Generating GIF:  72%|███████▏  | 43/60 [00:05<00:02,  8.11it/s]Generating GIF:  77%|███████▋  | 46/60 [00:05<00:01, 10.47it/s]Generating GIF:  82%|████████▏ | 49/60 [00:06<00:01,  8.40it/s]Generating GIF:  85%|████████▌ | 51/60 [00:06<00:00,  9.56it/s]Generating GIF:  88%|████████▊ | 53/60 [00:06<00:00,  9.75it/s]Generating GIF:  95%|█████████▌| 57/60 [00:07<00:00, 11.80it/s]Generating GIF: 100%|██████████| 60/60 [00:07<00:00,  8.39it/s]
ODC Locations and Capacities:
ODC 1 Location: (-5.728503, -35.266558), Capacity: 42 cores, Fiber: 0.0 km
ODC 2 Location: (-5.8211095, -35.200444000000005), Capacity: 84 cores, Fiber: 2.2182336141947254 km
ODC 3 Location: (-5.8636376666666665, -35.194057666666666), Capacity: 126 cores, Fiber: 5.097441040407155 km
ODC 4 Location: (-5.8536105, -35.257501500000004), Capacity: 84 cores, Fiber: 3.5015523444945362 km
ODC 5 Location: (-5.786887, -35.192542), Capacity: 84 cores, Fiber: 2.536199216625772 km
ODC 6 Location: (-5.7621795, -35.276971), Capacity: 84 cores, Fiber: 1.8317645569495917 km
ODC 7 Location: (-5.830312, -35.207896500000004), Capacity: 168 cores, Fiber: 5.123517078326536 km
ODC 8 Location: (-5.8782104, -35.1788072), Capacity: 210 cores, Fiber: 8.254962580243715 km
ODC 9 Location: (-5.755528, -35.245867), Capacity: 42 cores, Fiber: 0.0 km
ODC 10 Location: (-5.81840225, -35.214333), Capacity: 168 cores, Fiber: 6.685543942198758 km
ODC 11 Location: (-5.7890733333333335, -35.206849999999996), Capacity: 126 cores, Fiber: 4.159055184312902 km
ODC 12 Location: (-5.8020274999999994, -35.207254999999996), Capacity: 168 cores, Fiber: 5.611190071734169 km
ODC 13 Location: (-5.84139, -35.18167), Capacity: 42 cores, Fiber: 0.0 km
ODC 14 Location: (-5.8768045, -35.2030395), Capacity: 84 cores, Fiber: 2.0774986033855694 km
ODC 15 Location: (-5.84615, -35.20790825), Capacity: 168 cores, Fiber: 7.741061517514659 km
ODC 16 Location: (-5.735797, -35.254392), Capacity: 42 cores, Fiber: 0.0 km
ODC 17 Location: (-5.74278056, -35.28944444), Capacity: 42 cores, Fiber: 0.0 km
ODC 18 Location: (-5.81167, -35.18167), Capacity: 42 cores, Fiber: 0.0 km
ODC 19 Location: (-5.780553333333334, -35.19972), Capacity: 126 cores, Fiber: 2.9056697986573448 km
ODC 20 Location: (-5.84327, -35.27305), Capacity: 42 cores, Fiber: 0.0 km
ODC 21 Location: (-5.724031, -35.247622), Capacity: 42 cores, Fiber: 0.0 km
ODC 22 Location: (-5.79833, -35.18389), Capacity: 42 cores, Fiber: 0.0 km
ODC 23 Location: (-5.862861, -35.1805), Capacity: 42 cores, Fiber: 0.0 km
ODC 24 Location: (-5.7712354999999995, -35.199389), Capacity: 84 cores, Fiber: 2.3730186991200743 km
ODC 25 Location: (-5.82917, -35.1825), Capacity: 42 cores, Fiber: 0.0 km
ODC 26 Location: (-5.750972, -35.255888), Capacity: 42 cores, Fiber: 0.0 km
ODC 27 Location: (-5.80944, -35.20083), Capacity: 47 cores, Fiber: 0.0 km
Execution time: 21.16 seconds
