#### Sim Parameters ####
## Problem Parameters ##
     cpu_per_100mhz:  14
     max_distance:  11
     max_capacity:  1000
     num_initial_odcs (if 0 means ODCs = RUs):  13
## NSGAII Parameters ##
     num_trials:  60
     population_size:  300
     no_processes:  8
     obj_weights:  [0.5, 0.0, 0.5]
## Sim Parameters ##
     dataset:  /home/ubuntu/EmbrapiiCPqD/OpenRanDatacenterPlacement/open_ran_datacenter_placement/CityData/Natal.csv
     seed:  1249460377
     outputDir:  /home/ubuntu/EmbrapiiCPqD/OpenRanDatacenterPlacement/open_ran_datacenter_placement/results_Placement_Case_1_2_odcs/JOB15/Sim_7
########################
No ConvergenceWarning
==========================================================================================
n_gen  |  n_eval  | n_nds  |     cv_min    |     cv_avg    |      eps      |   indicator  
==========================================================================================
     1 |      300 |      1 |  0.000000E+00 |  0.3200000000 |             - |             -
     2 |      600 |      3 |  0.000000E+00 |  0.000000E+00 |  0.000000E+00 |             f
     3 |      900 |      1 |  0.000000E+00 |  0.000000E+00 |  0.0022733801 |             f
     4 |     1200 |      2 |  0.000000E+00 |  0.000000E+00 |  0.0400038878 |         ideal
     5 |     1500 |      9 |  0.000000E+00 |  0.000000E+00 |  0.000000E+00 |             f
     6 |     1800 |     32 |  0.000000E+00 |  0.000000E+00 |  0.000000E+00 |             f
     7 |     2100 |     96 |  0.000000E+00 |  0.000000E+00 |  0.000000E+00 |             f
     8 |     2400 |    251 |  0.000000E+00 |  0.000000E+00 |  0.000000E+00 |             f
     9 |     2700 |    300 |  0.000000E+00 |  0.000000E+00 |  0.000000E+00 |             f
    10 |     3000 |    300 |  0.000000E+00 |  0.000000E+00 |  0.000000E+00 |             f
    11 |     3300 |    300 |  0.000000E+00 |  0.000000E+00 |  0.000000E+00 |             f
    12 |     3600 |    300 |  0.000000E+00 |  0.000000E+00 |  0.000000E+00 |             f
    13 |     3900 |    300 |  0.000000E+00 |  0.000000E+00 |  0.000000E+00 |             f
    14 |     4200 |    300 |  0.000000E+00 |  0.000000E+00 |  0.000000E+00 |             f
    15 |     4500 |    300 |  0.000000E+00 |  0.000000E+00 |  0.000000E+00 |             f
    16 |     4800 |    300 |  0.000000E+00 |  0.000000E+00 |  0.000000E+00 |             f
    17 |     5100 |    300 |  0.000000E+00 |  0.000000E+00 |  0.000000E+00 |             f
    18 |     5400 |    300 |  0.000000E+00 |  0.000000E+00 |  0.000000E+00 |             f
    19 |     5700 |    300 |  0.000000E+00 |  0.000000E+00 |  0.000000E+00 |             f
    20 |     6000 |    300 |  0.000000E+00 |  0.000000E+00 |  0.000000E+00 |             f
    21 |     6300 |    300 |  0.000000E+00 |  0.000000E+00 |  0.000000E+00 |             f
    22 |     6600 |    300 |  0.000000E+00 |  0.000000E+00 |  0.000000E+00 |             f
    23 |     6900 |    300 |  0.000000E+00 |  0.000000E+00 |  0.000000E+00 |             f
    24 |     7200 |    300 |  0.000000E+00 |  0.000000E+00 |  0.000000E+00 |             f
    25 |     7500 |    300 |  0.000000E+00 |  0.000000E+00 |  0.000000E+00 |             f
    26 |     7800 |    300 |  0.000000E+00 |  0.000000E+00 |  0.000000E+00 |             f
    27 |     8100 |    300 |  0.000000E+00 |  0.000000E+00 |  0.000000E+00 |             f
    28 |     8400 |    300 |  0.000000E+00 |  0.000000E+00 |  0.000000E+00 |             f
    29 |     8700 |    300 |  0.000000E+00 |  0.000000E+00 |  0.000000E+00 |             f
    30 |     9000 |    300 |  0.000000E+00 |  0.000000E+00 |  0.000000E+00 |             f
    31 |     9300 |    300 |  0.000000E+00 |  0.000000E+00 |  0.000000E+00 |             f
    32 |     9600 |    300 |  0.000000E+00 |  0.000000E+00 |  0.000000E+00 |             f
    33 |     9900 |    300 |  0.000000E+00 |  0.000000E+00 |  0.000000E+00 |             f
    34 |    10200 |    300 |  0.000000E+00 |  0.000000E+00 |  0.000000E+00 |             f
    35 |    10500 |    300 |  0.000000E+00 |  0.000000E+00 |  0.000000E+00 |             f
    36 |    10800 |    300 |  0.000000E+00 |  0.000000E+00 |  0.000000E+00 |             f
    37 |    11100 |    300 |  0.000000E+00 |  0.000000E+00 |  0.000000E+00 |             f
    38 |    11400 |    300 |  0.000000E+00 |  0.000000E+00 |  0.000000E+00 |             f
    39 |    11700 |    300 |  0.000000E+00 |  0.000000E+00 |  0.000000E+00 |             f
    40 |    12000 |    300 |  0.000000E+00 |  0.000000E+00 |  0.000000E+00 |             f
    41 |    12300 |    300 |  0.000000E+00 |  0.000000E+00 |  0.000000E+00 |             f
    42 |    12600 |    300 |  0.000000E+00 |  0.000000E+00 |  0.000000E+00 |             f
    43 |    12900 |    300 |  0.000000E+00 |  0.000000E+00 |  0.000000E+00 |             f
    44 |    13200 |    300 |  0.000000E+00 |  0.000000E+00 |  0.000000E+00 |             f
    45 |    13500 |    300 |  0.000000E+00 |  0.000000E+00 |  0.000000E+00 |             f
    46 |    13800 |    300 |  0.000000E+00 |  0.000000E+00 |  0.000000E+00 |             f
    47 |    14100 |    300 |  0.000000E+00 |  0.000000E+00 |  0.000000E+00 |             f
    48 |    14400 |    300 |  0.000000E+00 |  0.000000E+00 |  0.000000E+00 |             f
    49 |    14700 |    300 |  0.000000E+00 |  0.000000E+00 |  0.000000E+00 |             f
    50 |    15000 |    300 |  0.000000E+00 |  0.000000E+00 |  0.000000E+00 |             f
    51 |    15300 |    300 |  0.000000E+00 |  0.000000E+00 |  0.000000E+00 |             f
    52 |    15600 |    300 |  0.000000E+00 |  0.000000E+00 |  0.000000E+00 |             f
    53 |    15900 |    300 |  0.000000E+00 |  0.000000E+00 |  0.000000E+00 |             f
    54 |    16200 |    300 |  0.000000E+00 |  0.000000E+00 |  0.000000E+00 |             f
    55 |    16500 |    300 |  0.000000E+00 |  0.000000E+00 |  0.000000E+00 |             f
    56 |    16800 |    300 |  0.000000E+00 |  0.000000E+00 |  0.000000E+00 |             f
    57 |    17100 |    300 |  0.000000E+00 |  0.000000E+00 |  0.000000E+00 |             f
    58 |    17400 |    300 |  0.000000E+00 |  0.000000E+00 |  0.000000E+00 |             f
    59 |    17700 |    300 |  0.000000E+00 |  0.000000E+00 |  0.000000E+00 |             f
    60 |    18000 |    300 |  0.000000E+00 |  0.000000E+00 |  0.000000E+00 |             f
Total generations with best solutions: 60
Generating GIF:   0%|          | 0/60 [00:00<?, ?it/s]Generating GIF:   2%|▏         | 1/60 [00:01<01:08,  1.16s/it]Generating GIF:   5%|▌         | 3/60 [00:01<00:20,  2.81it/s]Generating GIF:  15%|█▌        | 9/60 [00:02<00:09,  5.23it/s]Generating GIF:  22%|██▏       | 13/60 [00:02<00:05,  7.91it/s]Generating GIF:  28%|██▊       | 17/60 [00:02<00:05,  7.78it/s]Generating GIF:  32%|███▏      | 19/60 [00:02<00:04,  8.67it/s]Generating GIF:  38%|███▊      | 23/60 [00:03<00:03, 10.77it/s]Generating GIF:  42%|████▏     | 25/60 [00:03<00:05,  6.71it/s]Generating GIF:  45%|████▌     | 27/60 [00:04<00:04,  7.68it/s]Generating GIF:  52%|█████▏    | 31/60 [00:04<00:02, 11.31it/s]Generating GIF:  57%|█████▋    | 34/60 [00:04<00:03,  8.13it/s]Generating GIF:  65%|██████▌   | 39/60 [00:04<00:01, 12.05it/s]Generating GIF:  70%|███████   | 42/60 [00:05<00:02,  7.66it/s]Generating GIF:  73%|███████▎  | 44/60 [00:05<00:01,  8.52it/s]Generating GIF:  80%|████████  | 48/60 [00:05<00:01, 11.90it/s]Generating GIF:  85%|████████▌ | 51/60 [00:06<00:01,  8.84it/s]Generating GIF:  88%|████████▊ | 53/60 [00:06<00:00,  9.75it/s]Generating GIF:  95%|█████████▌| 57/60 [00:06<00:00, 11.16it/s]Generating GIF: 100%|██████████| 60/60 [00:06<00:00,  8.64it/s]
ODC Locations and Capacities:
ODC 1 Location: (-5.875652166666667, -35.17908933333333), Capacity: 252 cores, Fiber: 12.764314821685097 km
ODC 2 Location: (-5.7825125, -35.2003572), Capacity: 420 cores, Fiber: 27.173399140159503 km
ODC 3 Location: (-5.7621795, -35.276971), Capacity: 84 cores, Fiber: 1.8317645569495917 km
ODC 4 Location: (-5.824305111111111, -35.21013288888889), Capacity: 378 cores, Fiber: 22.641035781477346 km
ODC 5 Location: (-5.850163666666667, -35.26268433333333), Capacity: 126 cores, Fiber: 9.277043030465276 km
ODC 6 Location: (-5.729443666666667, -35.25619066666667), Capacity: 126 cores, Fiber: 9.026086390908576 km
ODC 7 Location: (-5.806732173913043, -35.203892608695654), Capacity: 257 cores, Fiber: 16.835316526774342 km
ODC 8 Location: (-5.805, -35.182779999999994), Capacity: 84 cores, Fiber: 4.5105989270375115 km
ODC 9 Location: (-5.84615, -35.20790825), Capacity: 168 cores, Fiber: 7.741061517514659 km
ODC 10 Location: (-5.7532499999999995, -35.2508775), Capacity: 84 cores, Fiber: 3.656802186288509 km
ODC 11 Location: (-5.83528, -35.182085), Capacity: 84 cores, Fiber: 4.085701106680031 km
ODC 12 Location: (-5.8689044, -35.1976504), Capacity: 210 cores, Fiber: 14.909920746581768 km
ODC 13 Location: (-5.74278056, -35.28944444), Capacity: 42 cores, Fiber: 0.0 km
Execution time: 19.50 seconds
