#### Sim Parameters ####
## Problem Parameters ##
     cpu_per_100mhz:  14
     max_distance:  11
     max_capacity:  1000
     num_initial_odcs (if 0 means ODCs = RUs):  0
## NSGAII Parameters ##
     num_trials:  60
     population_size:  300
     no_processes:  8
     obj_weights:  [0.5, 0.0, 0.5]
## Sim Parameters ##
     dataset:  /home/ubuntu/EmbrapiiCPqD/OpenRanDatacenterPlacement/open_ran_datacenter_placement/CityData/Natal.csv
     seed:  1249460377
     outputDir:  /home/ubuntu/EmbrapiiCPqD/OpenRanDatacenterPlacement/open_ran_datacenter_placement/results_Placement_Case_1_2_odcs/JOB15/Sim_4
########################
ConvergenceWarning was raised
Number of distinct clusters (55) found smaller than n_clusters (170). Possibly due to duplicate points in X.
Number of distinct clusters: 55
n_clusters: 170
==========================================================================================
n_gen  |  n_eval  | n_nds  |     cv_min    |     cv_avg    |      eps      |   indicator  
==========================================================================================
     1 |      300 |      1 |  0.000000E+00 |  0.000000E+00 |             - |             -
     2 |      600 |      1 |  0.000000E+00 |  0.000000E+00 |  0.0133554865 |         ideal
     3 |      900 |      1 |  0.000000E+00 |  0.000000E+00 |  0.0525497664 |         ideal
     4 |     1200 |      1 |  0.000000E+00 |  0.000000E+00 |  0.0031384726 |         ideal
     5 |     1500 |      1 |  0.000000E+00 |  0.000000E+00 |  0.0140356648 |         ideal
     6 |     1800 |      1 |  0.000000E+00 |  0.000000E+00 |  0.0114026270 |         ideal
     7 |     2100 |      1 |  0.000000E+00 |  0.000000E+00 |  0.0054290867 |         ideal
     8 |     2400 |      1 |  0.000000E+00 |  0.000000E+00 |  0.0139853831 |         ideal
     9 |     2700 |      1 |  0.000000E+00 |  0.000000E+00 |  0.0046872171 |         ideal
    10 |     3000 |      1 |  0.000000E+00 |  0.000000E+00 |  0.0080159708 |         ideal
    11 |     3300 |      1 |  0.000000E+00 |  0.000000E+00 |  0.0161175910 |         ideal
    12 |     3600 |      3 |  0.000000E+00 |  0.000000E+00 |  0.000000E+00 |             f
    13 |     3900 |      4 |  0.000000E+00 |  0.000000E+00 |  0.000000E+00 |             f
    14 |     4200 |      1 |  0.000000E+00 |  0.000000E+00 |  0.0031703158 |         ideal
    15 |     4500 |      1 |  0.000000E+00 |  0.000000E+00 |  0.0070643481 |         ideal
    16 |     4800 |      5 |  0.000000E+00 |  0.000000E+00 |  0.000000E+00 |             f
    17 |     5100 |     25 |  0.000000E+00 |  0.000000E+00 |  0.000000E+00 |             f
    18 |     5400 |     92 |  0.000000E+00 |  0.000000E+00 |  0.000000E+00 |             f
    19 |     5700 |    237 |  0.000000E+00 |  0.000000E+00 |  0.000000E+00 |             f
    20 |     6000 |    300 |  0.000000E+00 |  0.000000E+00 |  0.000000E+00 |             f
    21 |     6300 |    300 |  0.000000E+00 |  0.000000E+00 |  0.000000E+00 |             f
    22 |     6600 |    300 |  0.000000E+00 |  0.000000E+00 |  0.000000E+00 |             f
    23 |     6900 |    300 |  0.000000E+00 |  0.000000E+00 |  0.000000E+00 |             f
    24 |     7200 |    300 |  0.000000E+00 |  0.000000E+00 |  0.000000E+00 |             f
    25 |     7500 |    300 |  0.000000E+00 |  0.000000E+00 |  0.000000E+00 |             f
    26 |     7800 |    300 |  0.000000E+00 |  0.000000E+00 |  0.000000E+00 |             f
    27 |     8100 |    300 |  0.000000E+00 |  0.000000E+00 |  0.000000E+00 |             f
    28 |     8400 |    300 |  0.000000E+00 |  0.000000E+00 |  0.000000E+00 |             f
    29 |     8700 |    300 |  0.000000E+00 |  0.000000E+00 |  0.000000E+00 |             f
    30 |     9000 |    300 |  0.000000E+00 |  0.000000E+00 |  0.000000E+00 |             f
    31 |     9300 |    300 |  0.000000E+00 |  0.000000E+00 |  0.000000E+00 |             f
    32 |     9600 |    300 |  0.000000E+00 |  0.000000E+00 |  0.000000E+00 |             f
    33 |     9900 |    300 |  0.000000E+00 |  0.000000E+00 |  0.000000E+00 |             f
    34 |    10200 |    300 |  0.000000E+00 |  0.000000E+00 |  0.000000E+00 |             f
    35 |    10500 |    300 |  0.000000E+00 |  0.000000E+00 |  0.000000E+00 |             f
    36 |    10800 |    300 |  0.000000E+00 |  0.000000E+00 |  0.000000E+00 |             f
    37 |    11100 |    300 |  0.000000E+00 |  0.000000E+00 |  0.000000E+00 |             f
    38 |    11400 |    300 |  0.000000E+00 |  0.000000E+00 |  0.000000E+00 |             f
    39 |    11700 |    300 |  0.000000E+00 |  0.000000E+00 |  0.000000E+00 |             f
    40 |    12000 |    300 |  0.000000E+00 |  0.000000E+00 |  0.000000E+00 |             f
    41 |    12300 |    300 |  0.000000E+00 |  0.000000E+00 |  0.000000E+00 |             f
    42 |    12600 |    300 |  0.000000E+00 |  0.000000E+00 |  0.000000E+00 |             f
    43 |    12900 |    300 |  0.000000E+00 |  0.000000E+00 |  0.000000E+00 |             f
    44 |    13200 |    300 |  0.000000E+00 |  0.000000E+00 |  0.000000E+00 |             f
    45 |    13500 |    300 |  0.000000E+00 |  0.000000E+00 |  0.000000E+00 |             f
    46 |    13800 |    300 |  0.000000E+00 |  0.000000E+00 |  0.000000E+00 |             f
    47 |    14100 |    300 |  0.000000E+00 |  0.000000E+00 |  0.000000E+00 |             f
    48 |    14400 |    300 |  0.000000E+00 |  0.000000E+00 |  0.000000E+00 |             f
    49 |    14700 |    300 |  0.000000E+00 |  0.000000E+00 |  0.000000E+00 |             f
    50 |    15000 |    300 |  0.000000E+00 |  0.000000E+00 |  0.000000E+00 |             f
    51 |    15300 |    300 |  0.000000E+00 |  0.000000E+00 |  0.000000E+00 |             f
    52 |    15600 |    300 |  0.000000E+00 |  0.000000E+00 |  0.000000E+00 |             f
    53 |    15900 |    300 |  0.000000E+00 |  0.000000E+00 |  0.000000E+00 |             f
    54 |    16200 |    300 |  0.000000E+00 |  0.000000E+00 |  0.000000E+00 |             f
    55 |    16500 |    300 |  0.000000E+00 |  0.000000E+00 |  0.000000E+00 |             f
    56 |    16800 |    300 |  0.000000E+00 |  0.000000E+00 |  0.000000E+00 |             f
    57 |    17100 |    300 |  0.000000E+00 |  0.000000E+00 |  0.000000E+00 |             f
    58 |    17400 |    300 |  0.000000E+00 |  0.000000E+00 |  0.000000E+00 |             f
    59 |    17700 |    300 |  0.000000E+00 |  0.000000E+00 |  0.000000E+00 |             f
    60 |    18000 |    300 |  0.000000E+00 |  0.000000E+00 |  0.000000E+00 |             f
Total generations with best solutions: 60
Generating GIF:   0%|          | 0/60 [00:00<?, ?it/s]Generating GIF:   2%|▏         | 1/60 [00:01<01:09,  1.18s/it]Generating GIF:  12%|█▏        | 7/60 [00:01<00:07,  7.05it/s]Generating GIF:  17%|█▋        | 10/60 [00:02<00:10,  4.82it/s]Generating GIF:  27%|██▋       | 16/60 [00:02<00:04,  9.30it/s]Generating GIF:  33%|███▎      | 20/60 [00:03<00:05,  7.86it/s]Generating GIF:  38%|███▊      | 23/60 [00:03<00:04,  9.00it/s]Generating GIF:  43%|████▎     | 26/60 [00:04<00:05,  6.36it/s]Generating GIF:  50%|█████     | 30/60 [00:04<00:03,  8.80it/s]Generating GIF:  55%|█████▌    | 33/60 [00:04<00:03,  7.54it/s]Generating GIF:  60%|██████    | 36/60 [00:04<00:02,  9.25it/s]Generating GIF:  63%|██████▎   | 38/60 [00:04<00:02, 10.10it/s]Generating GIF:  68%|██████▊   | 41/60 [00:05<00:02,  6.37it/s]Generating GIF:  72%|███████▏  | 43/60 [00:05<00:02,  7.27it/s]Generating GIF:  82%|████████▏ | 49/60 [00:06<00:01,  8.19it/s]Generating GIF:  88%|████████▊ | 53/60 [00:06<00:00, 10.81it/s]Generating GIF:  92%|█████████▏| 55/60 [00:06<00:00, 11.80it/s]Generating GIF:  95%|█████████▌| 57/60 [00:07<00:00,  8.95it/s]Generating GIF: 100%|██████████| 60/60 [00:07<00:00,  8.23it/s]
ODC Locations and Capacities:
ODC 1 Location: (-5.80056, -35.21111), Capacity: 42 cores, Fiber: 0.0 km
ODC 2 Location: (-5.8846, -35.1819), Capacity: 42 cores, Fiber: 0.0 km
ODC 3 Location: (-5.735797, -35.254392), Capacity: 42 cores, Fiber: 0.0 km
ODC 4 Location: (-5.834028, -35.207972), Capacity: 42 cores, Fiber: 0.0 km
ODC 5 Location: (-5.855281, -35.262503), Capacity: 42 cores, Fiber: 0.0 km
ODC 6 Location: (-5.78611, -35.20722), Capacity: 42 cores, Fiber: 0.0 km
ODC 7 Location: (-5.76194, -35.27972), Capacity: 42 cores, Fiber: 0.0 km
ODC 8 Location: (-5.82917, -35.1825), Capacity: 42 cores, Fiber: 0.0 km
ODC 9 Location: (-5.86944, -35.19056), Capacity: 42 cores, Fiber: 0.0 km
ODC 10 Location: (-5.80944, -35.20083), Capacity: 47 cores, Fiber: 0.0 km
ODC 11 Location: (-5.82083, -35.215), Capacity: 42 cores, Fiber: 0.0 km
ODC 12 Location: (-5.772083, -35.195917), Capacity: 42 cores, Fiber: 0.0 km
ODC 13 Location: (-5.750972, -35.255888), Capacity: 42 cores, Fiber: 0.0 km
ODC 14 Location: (-5.79833, -35.18389), Capacity: 42 cores, Fiber: 0.0 km
ODC 15 Location: (-5.74278056, -35.28944444), Capacity: 42 cores, Fiber: 0.0 km
ODC 16 Location: (-5.850142, -35.206203), Capacity: 42 cores, Fiber: 0.0 km
ODC 17 Location: (-5.87972, -35.20194), Capacity: 42 cores, Fiber: 0.0 km
ODC 18 Location: (-5.728503, -35.266558), Capacity: 42 cores, Fiber: 0.0 km
ODC 19 Location: (-5.84327, -35.27305), Capacity: 42 cores, Fiber: 0.0 km
ODC 20 Location: (-5.78333, -35.19389), Capacity: 42 cores, Fiber: 0.0 km
ODC 21 Location: (-5.823889, -35.202278), Capacity: 42 cores, Fiber: 0.0 km
ODC 22 Location: (-5.862861, -35.1805), Capacity: 42 cores, Fiber: 0.0 km
ODC 23 Location: (-5.87167, -35.18111), Capacity: 42 cores, Fiber: 0.0 km
ODC 24 Location: (-5.724031, -35.247622), Capacity: 42 cores, Fiber: 0.0 km
ODC 25 Location: (-5.860083, -35.198833), Capacity: 42 cores, Fiber: 0.0 km
ODC 26 Location: (-5.881722, -35.173806), Capacity: 42 cores, Fiber: 0.0 km
ODC 27 Location: (-5.85194, -35.2525), Capacity: 42 cores, Fiber: 0.0 km
ODC 28 Location: (-5.84139, -35.18167), Capacity: 42 cores, Fiber: 0.0 km
ODC 29 Location: (-5.755528, -35.245867), Capacity: 42 cores, Fiber: 0.0 km
ODC 30 Location: (-5.81167, -35.18167), Capacity: 42 cores, Fiber: 0.0 km
ODC 31 Location: (-5.77833, -35.20194), Capacity: 42 cores, Fiber: 0.0 km
ODC 32 Location: (-5.846722, -35.215472), Capacity: 42 cores, Fiber: 0.0 km
ODC 33 Location: (-5.812219, -35.218442), Capacity: 42 cores, Fiber: 0.0 km
ODC 34 Location: (-5.79833, -35.20417), Capacity: 42 cores, Fiber: 0.0 km
ODC 35 Location: (-5.81833, -35.19861), Capacity: 42 cores, Fiber: 0.0 km
ODC 36 Location: (-5.845472, -35.200694), Capacity: 42 cores, Fiber: 0.0 km
ODC 37 Location: (-5.842264, -35.209264), Capacity: 42 cores, Fiber: 0.0 km
ODC 38 Location: (-5.81639, -35.21056), Capacity: 42 cores, Fiber: 0.0 km
ODC 39 Location: (-5.790444, -35.191194), Capacity: 42 cores, Fiber: 0.0 km
ODC 40 Location: (-5.79139, -35.21111), Capacity: 42 cores, Fiber: 0.0 km
ODC 41 Location: (-5.770388, -35.202861), Capacity: 42 cores, Fiber: 0.0 km
ODC 42 Location: (-5.873889, -35.204139), Capacity: 42 cores, Fiber: 0.0 km
ODC 43 Location: (-5.86139, -35.19278), Capacity: 42 cores, Fiber: 0.0 km
ODC 44 Location: (-5.829694, -35.212), Capacity: 42 cores, Fiber: 0.0 km
ODC 45 Location: (-5.78972, -35.20222), Capacity: 42 cores, Fiber: 0.0 km
ODC 46 Location: (-5.87556, -35.18), Capacity: 42 cores, Fiber: 0.0 km
ODC 47 Location: (-5.78389, -35.19944), Capacity: 42 cores, Fiber: 0.0 km
ODC 48 Location: (-5.762419, -35.274222), Capacity: 42 cores, Fiber: 0.0 km
ODC 49 Location: (-5.80366, -35.20402), Capacity: 42 cores, Fiber: 0.0 km
ODC 50 Location: (-5.80556, -35.20972), Capacity: 42 cores, Fiber: 0.0 km
ODC 51 Location: (-5.77944, -35.19778), Capacity: 42 cores, Fiber: 0.0 km
ODC 52 Location: (-5.82611, -35.20667), Capacity: 42 cores, Fiber: 0.0 km
ODC 53 Location: (-5.831416, -35.204944), Capacity: 42 cores, Fiber: 0.0 km
ODC 54 Location: (-5.82417, -35.21333), Capacity: 42 cores, Fiber: 0.0 km
ODC 55 Location: (-5.8775, -35.17722), Capacity: 42 cores, Fiber: 0.0 km
Execution time: 24.03 seconds
